Downloading/unpacking virtualenv

  Getting page http://pypi.python.org/simple/virtualenv
  URLs to search for versions for virtualenv:
  * http://pypi.python.org/simple/virtualenv/
  Getting page http://www.virtualenv.org
  Getting page http://virtualenv.openplans.org
  Analyzing links from page http://pypi.python.org/simple/virtualenv/
    Found link http://pypi.python.org/packages/source/v/virtualenv/virtualenv-1.4.7.tar.gz#md5=979a7adf8467df7df800a45debd2074f (from http://pypi.python.org/simple/virtualenv/), version: 1.4.7
    Found link http://pypi.python.org/packages/source/v/virtualenv/virtualenv-1.3.3.tar.gz#md5=28e2955aed4ffc4dc3df02dc632b5c42 (from http://pypi.python.org/simple/virtualenv/), version: 1.3.3
    Found link http://pypi.python.org/packages/source/v/virtualenv/virtualenv-1.7.1.tar.gz#md5=1a07359ff6e5dbfaefa6381516293b47 (from http://pypi.python.org/simple/virtualenv/), version: 1.7.1
    Skipping link http://pypi.python.org/packages/2.5/v/virtualenv/virtualenv-0.9.2-py2.5.egg#md5=7a4d37d0c3f83f917d7a6556f31bb31d (from http://pypi.python.org/simple/virtualenv/); unknown archive format: .egg
    Found link http://pypi.python.org/packages/source/v/virtualenv/virtualenv-1.3.2.tar.gz#md5=a013d5a7d9aeddc16bee88604d6de636 (from http://pypi.python.org/simple/virtualenv/), version: 1.3.2
    Skipping link http://pypi.python.org/packages/2.5/v/virtualenv/virtualenv-0.9.1-py2.5.egg#md5=573b8bd74a7b9b207b5eede8db386953 (from http://pypi.python.org/simple/virtualenv/); unknown archive format: .egg
    Found link http://pypi.python.org/packages/source/v/virtualenv/virtualenv-0.8.tar.gz#md5=88c187a93a78c4c9bd54eef9ef0e0f03 (from http://pypi.python.org/simple/virtualenv/), version: 0.8
    Skipping link http://pypi.python.org/packages/2.5/v/virtualenv/virtualenv-1.3.4-py2.5.egg#md5=2fd8f371cc83c2a49009e5fe51fcd9c9 (from http://pypi.python.org/simple/virtualenv/); unknown archive format: .egg
    Skipping link http://pypi.python.org/packages/2.4/v/virtualenv/virtualenv-1.3.1-py2.4.egg#md5=708cc5281dae7fdd8d996cdb55bef52d (from http://pypi.python.org/simple/virtualenv/); unknown archive format: .egg
    Skipping link http://pypi.python.org/packages/2.5/v/virtualenv/virtualenv-1.2-py2.5.egg#md5=0043570e1c16af8d3c9fa1e99bce012b (from http://pypi.python.org/simple/virtualenv/); unknown archive format: .egg
    Skipping link http://pypi.python.org/packages/2.5/v/virtualenv/virtualenv-1.3.3-py2.5.egg#md5=fae350c941cd9eadf5e9a407c37a2e03 (from http://pypi.python.org/simple/virtualenv/); unknown archive format: .egg
    Found link http://pypi.python.org/packages/source/v/virtualenv/virtualenv-0.8.2.tar.gz#md5=241f157e92dd9052b5a4b43efcef8035 (from http://pypi.python.org/simple/virtualenv/), version: 0.8.2
    Skipping link http://pypi.python.org/packages/2.4/v/virtualenv/virtualenv-0.8.1-py2.4.egg#md5=fa8831295f1073151876375c4567f5cd (from http://pypi.python.org/simple/virtualenv/); unknown archive format: .egg
    Found link http://pypi.python.org/packages/source/v/virtualenv/virtualenv-1.6.2.tar.gz#md5=e948af53ad41ca2718c4034484fcd694 (from http://pypi.python.org/simple/virtualenv/), version: 1.6.2
    Skipping link http://pypi.python.org/packages/2.4/v/virtualenv/virtualenv-0.8.3-py2.4.egg#md5=fbcb29d72e35ee93d80738d46e69d350 (from http://pypi.python.org/simple/virtualenv/); unknown archive format: .egg
    Found link http://pypi.python.org/packages/source/v/virtualenv/virtualenv-1.4.6.tar.gz#md5=f576969d591a054132fe8c9165c2b3c3 (from http://pypi.python.org/simple/virtualenv/), version: 1.4.6
    Skipping link http://pypi.python.org/packages/2.4/v/virtualenv/virtualenv-0.9.2-py2.4.egg#md5=319b534ed28e2d31b124b1a76f42fbc7 (from http://pypi.python.org/simple/virtualenv/); unknown archive format: .egg
    Skipping link http://pypi.python.org/packages/2.5/v/virtualenv/virtualenv-0.8.4-py2.5.egg#md5=40300b786dad2e8380ef785c4998f421 (from http://pypi.python.org/simple/virtualenv/); unknown archive format: .egg
    Found link http://pypi.python.org/packages/source/v/virtualenv/virtualenv-1.3.4.tar.gz#md5=77d675df104b90fceec749150bd5014f (from http://pypi.python.org/simple/virtualenv/), version: 1.3.4
    Skipping link http://pypi.python.org/packages/2.4/v/virtualenv/virtualenv-1.0-py2.4.egg#md5=6199b281bf6e7370d896520eb3a968f8 (from http://pypi.python.org/simple/virtualenv/); unknown archive format: .egg
    Found link http://pypi.python.org/packages/source/v/virtualenv/virtualenv-1.5.tar.gz#md5=a8c756de9661323b1f95311e79f8a5f3 (from http://pypi.python.org/simple/virtualenv/), version: 1.5
    Found link http://pypi.python.org/packages/source/v/virtualenv/virtualenv-1.5.2.tar.gz#md5=fbcefbd8520bb64bc24a560c6019a73c (from http://pypi.python.org/simple/virtualenv/), version: 1.5.2
    Found link http://pypi.python.org/packages/source/v/virtualenv/virtualenv-1.6.3.tar.gz#md5=73a69184e35f1e2c2f9016c889c4d26a (from http://pypi.python.org/simple/virtualenv/), version: 1.6.3
    Found link http://pypi.python.org/packages/source/v/virtualenv/virtualenv-1.7.1.1.tar.gz#md5=e06efff3c3dd5f88758dde29e108bfdd (from http://pypi.python.org/simple/virtualenv/), version: 1.7.1.1
    Skipping link http://pypi.python.org/packages/2.5/v/virtualenv/virtualenv-0.8.3-py2.5.egg#md5=7592e9dd19388a037768840caac00255 (from http://pypi.python.org/simple/virtualenv/); unknown archive format: .egg
    Skipping link http://pypi.python.org/packages/2.4/v/virtualenv/virtualenv-1.3-py2.4.egg#md5=ff872f8b8dcb3dc76d9c2793afc9b1a5 (from http://pypi.python.org/simple/virtualenv/); unknown archive format: .egg
    Skipping link http://pypi.python.org/packages/2.4/v/virtualenv/virtualenv-1.1-py2.4.egg#md5=d9b0de14426957e30b2aa7015451aa43 (from http://pypi.python.org/simple/virtualenv/); unknown archive format: .egg
    Found link http://pypi.python.org/packages/source/v/virtualenv/virtualenv-1.3.1.tar.gz#md5=e70ed86cc3823f0b622e80e035b59297 (from http://pypi.python.org/simple/virtualenv/), version: 1.3.1
    Skipping link http://pypi.python.org/packages/2.4/v/virtualenv/virtualenv-1.3.4-py2.4.egg#md5=bd62418a72b7e09a637ef368b7b0101b (from http://pypi.python.org/simple/virtualenv/); unknown archive format: .egg
    Found link http://pypi.python.org/packages/source/v/virtualenv/virtualenv-1.1.tar.gz#md5=8931b66dbb799120583dd107aab2fa89 (from http://pypi.python.org/simple/virtualenv/), version: 1.1
    Found link http://pypi.python.org/packages/source/v/virtualenv/virtualenv-0.8.1.tar.gz#md5=5d7b4784f530bd8acf44b568776dbd3c (from http://pypi.python.org/simple/virtualenv/), version: 0.8.1
    Skipping link http://pypi.python.org/packages/2.5/v/virtualenv/virtualenv-1.4.7-py2.5.egg#md5=e1bb0e1cbc4e2df64dfdde6b0867ef29 (from http://pypi.python.org/simple/virtualenv/); unknown archive format: .egg
    Skipping link http://pypi.python.org/packages/2.4/v/virtualenv/virtualenv-0.8.2-py2.4.egg#md5=4a92b99c93026031b7298906bf126ccd (from http://pypi.python.org/simple/virtualenv/); unknown archive format: .egg
    Skipping link http://pypi.python.org/packages/2.5/v/virtualenv/virtualenv-1.0-py2.5.egg#md5=e6881a6353543b0af8b116ed8ed2f6f6 (from http://pypi.python.org/simple/virtualenv/); unknown archive format: .egg
    Found link http://pypi.python.org/packages/source/v/virtualenv/virtualenv-1.4.8.tar.gz#md5=74ded4025a56e538c1c8df6b9825a8b8 (from http://pypi.python.org/simple/virtualenv/), version: 1.4.8
    Found link http://pypi.python.org/packages/source/v/virtualenv/virtualenv-0.8.3.tar.gz#md5=d635fb7de359ff603a1fc395933724d1 (from http://pypi.python.org/simple/virtualenv/), version: 0.8.3
    Found link http://pypi.python.org/packages/source/v/virtualenv/virtualenv-0.9.tar.gz#md5=17a52f8801cbeb6805f4a4650dc89468 (from http://pypi.python.org/simple/virtualenv/), version: 0.9
    Found link http://pypi.python.org/packages/source/v/virtualenv/virtualenv-1.4.4.tar.gz#md5=94161ae1500cb3a8b003c0c394c9dbbd (from http://pypi.python.org/simple/virtualenv/), version: 1.4.4
    Found link http://pypi.python.org/packages/source/v/virtualenv/virtualenv-1.3.tar.gz#md5=36b766604542f2c34d8dffdb21ba14a9 (from http://pypi.python.org/simple/virtualenv/), version: 1.3
    Found link http://pypi.python.org/packages/source/v/virtualenv/virtualenv-0.9.1.tar.gz#md5=d9abf1dc9dcaf603c60840c582414f66 (from http://pypi.python.org/simple/virtualenv/), version: 0.9.1
    Found link http://pypi.python.org/packages/source/v/virtualenv/virtualenv-1.6.tar.gz#md5=b1c585e0bbe4fca56bfa0b34aff87bd9 (from http://pypi.python.org/simple/virtualenv/), version: 1.6
    Skipping link http://pypi.python.org/packages/2.5/v/virtualenv/virtualenv-1.1-py2.5.egg#md5=1db8cdd823739c79330a138327239551 (from http://pypi.python.org/simple/virtualenv/); unknown archive format: .egg
    Skipping link http://pypi.python.org/packages/2.5/v/virtualenv/virtualenv-1.3.2-py2.5.egg#md5=f2cd2b10b8be8b57e74cb1830fc0b504 (from http://pypi.python.org/simple/virtualenv/); unknown archive format: .egg
    Found link http://pypi.python.org/packages/source/v/virtualenv/virtualenv-1.4.3.tar.gz#md5=2b639cee32d15fd049a49561957afe4b (from http://pypi.python.org/simple/virtualenv/), version: 1.4.3
    Found link http://pypi.python.org/packages/source/v/virtualenv/virtualenv-0.8.4.tar.gz#md5=30f053782cc29363927b848263ae9158 (from http://pypi.python.org/simple/virtualenv/), version: 0.8.4
    Skipping link http://pypi.python.org/packages/2.4/v/virtualenv/virtualenv-1.2-py2.4.egg#md5=53ab95a286cc0382e503306bb0df9d49 (from http://pypi.python.org/simple/virtualenv/); unknown archive format: .egg
    Found link http://pypi.python.org/packages/source/v/virtualenv/virtualenv-1.4.2.tar.gz#md5=7b1a10f0e84dd945c9b006ace1e1bb16 (from http://pypi.python.org/simple/virtualenv/), version: 1.4.2
    Skipping link http://pypi.python.org/packages/2.5/v/virtualenv/virtualenv-0.9-py2.5.egg#md5=7c8e85680f1ede0844a496513366d7a5 (from http://pypi.python.org/simple/virtualenv/); unknown archive format: .egg
    Found link http://pypi.python.org/packages/source/v/virtualenv/virtualenv-1.6.1.tar.gz#md5=1a475df2219457b6b4febb9fe595d915 (from http://pypi.python.org/simple/virtualenv/), version: 1.6.1
    Found link http://pypi.python.org/packages/source/v/virtualenv/virtualenv-1.7.tar.gz#md5=dcc105e5a3907a9dcaa978f813a4f526 (from http://pypi.python.org/simple/virtualenv/), version: 1.7
    Found link http://pypi.python.org/packages/source/v/virtualenv/virtualenv-0.9.2.tar.gz#md5=78b6e73600db0d5ed8c0e507f0f7d705 (from http://pypi.python.org/simple/virtualenv/), version: 0.9.2
    Skipping link http://pypi.python.org/packages/2.5/v/virtualenv/virtualenv-0.8.2-py2.5.egg#md5=eedbc037902cd2010b055451641addcf (from http://pypi.python.org/simple/virtualenv/); unknown archive format: .egg
    Found link http://pypi.python.org/packages/source/v/virtualenv/virtualenv-1.0.tar.gz#md5=fb86aabdfc2033612b936cf08ad811ec (from http://pypi.python.org/simple/virtualenv/), version: 1.0
    Found link http://pypi.python.org/packages/source/v/virtualenv/virtualenv-1.4.tar.gz#md5=ef70dc53c648f4253335351c65b5740f (from http://pypi.python.org/simple/virtualenv/), version: 1.4
    Found link http://pypi.python.org/packages/source/v/virtualenv/virtualenv-1.7.2.tar.gz#md5=b5d63b05373a4344ae099a68875aae78 (from http://pypi.python.org/simple/virtualenv/), version: 1.7.2
    Found link http://pypi.python.org/packages/source/v/virtualenv/virtualenv-1.6.4.tar.gz#md5=1072b66d53c24e019a8f1304ac9d9fc5 (from http://pypi.python.org/simple/virtualenv/), version: 1.6.4
    Skipping link http://pypi.python.org/packages/2.4/v/virtualenv/virtualenv-0.8.4-py2.4.egg#md5=6d2db4c08a9b8a7b59e1ab7731791381 (from http://pypi.python.org/simple/virtualenv/); unknown archive format: .egg
    Skipping link http://pypi.python.org/packages/2.5/v/virtualenv/virtualenv-1.3.1-py2.5.egg#md5=f042320f7301a77311b876ed55d2a635 (from http://pypi.python.org/simple/virtualenv/); unknown archive format: .egg
    Found link http://pypi.python.org/packages/source/v/virtualenv/virtualenv-1.4rc1.tar.gz#md5=fb62a93b054e877e6a6c92f7dcd0b6ae (from http://pypi.python.org/simple/virtualenv/), version: 1.4rc1
    Skipping link http://pypi.python.org/packages/2.4/v/virtualenv/virtualenv-1.3.3-py2.4.egg#md5=9cd8f513ba25e09be54ead5b1325ad3e (from http://pypi.python.org/simple/virtualenv/); unknown archive format: .egg
    Skipping link http://pypi.python.org/packages/2.5/v/virtualenv/virtualenv-0.8.1-py2.5.egg#md5=ad5869374196f7d533a9b649adfe9014 (from http://pypi.python.org/simple/virtualenv/); unknown archive format: .egg
    Skipping link http://pypi.python.org/packages/2.4/v/virtualenv/virtualenv-1.3.2-py2.4.egg#md5=6913c03f02167fe4ac32add76c3edeb7 (from http://pypi.python.org/simple/virtualenv/); unknown archive format: .egg
    Found link http://pypi.python.org/packages/source/v/virtualenv/virtualenv-1.5.1.tar.gz#md5=3daa1f449d5d2ee03099484cecb1c2b7 (from http://pypi.python.org/simple/virtualenv/), version: 1.5.1
    Found link http://pypi.python.org/packages/source/v/virtualenv/virtualenv-1.7.1.2.tar.gz#md5=3be8a014c27340f48b56465f9109d9fa (from http://pypi.python.org/simple/virtualenv/), version: 1.7.1.2
    Found link http://pypi.python.org/packages/source/v/virtualenv/virtualenv-1.4.9.tar.gz#md5=c49067cab242b5ff8c7b681a5a99533a (from http://pypi.python.org/simple/virtualenv/), version: 1.4.9
    Skipping link http://pypi.python.org/packages/2.4/v/virtualenv/virtualenv-0.9-py2.4.egg#md5=12b34ae909f578910c293ecfe7c793e3 (from http://pypi.python.org/simple/virtualenv/); unknown archive format: .egg
    Skipping link http://pypi.python.org/packages/2.5/v/virtualenv/virtualenv-1.3-py2.5.egg#md5=8102d251e3f1caf709722679a737f454 (from http://pypi.python.org/simple/virtualenv/); unknown archive format: .egg
    Found link http://pypi.python.org/packages/source/v/virtualenv/virtualenv-1.4.1.tar.gz#md5=6ab218532376c2a389ef4ea030ff96f2 (from http://pypi.python.org/simple/virtualenv/), version: 1.4.1
    Skipping link http://pypi.python.org/packages/2.6/v/virtualenv/virtualenv-1.3.4-py2.6.egg#md5=f5cf3d4dba3a224351fb5f90f59dae1a (from http://pypi.python.org/simple/virtualenv/); unknown archive format: .egg
    Found link http://pypi.python.org/packages/source/v/virtualenv/virtualenv-1.4.5.tar.gz#md5=d3c621dd9797789fef78442e336df63e (from http://pypi.python.org/simple/virtualenv/), version: 1.4.5
    Found link http://pypi.python.org/packages/source/v/virtualenv/virtualenv-1.2.tar.gz#md5=7ad454e52f025cad631d03331ade4aaf (from http://pypi.python.org/simple/virtualenv/), version: 1.2
    Skipping link http://pypi.python.org/packages/2.4/v/virtualenv/virtualenv-0.9.1-py2.4.egg#md5=f595300f14597da25feabaececcf62a2 (from http://pypi.python.org/simple/virtualenv/); unknown archive format: .egg
    Skipping link http://www.virtualenv.org (from http://pypi.python.org/simple/virtualenv/); not a file
    Skipping link http://virtualenv.openplans.org (from http://pypi.python.org/simple/virtualenv/); not a file
    Skipping link http://wiki.pylonshq.com/display/pylonscookbook/Using+a+Virtualenv+Sandbox (from http://pypi.python.org/simple/virtualenv/); not a file
    Skipping link http://www.modwsgi.org/ (from http://pypi.python.org/simple/virtualenv/); not a file
    Skipping link http://openplans.org (from http://pypi.python.org/simple/virtualenv/); not a file
    Skipping link https://github.com/pypa/virtualenv (from http://pypi.python.org/simple/virtualenv/); not a file
    Skipping link http://sourceforge.net/projects/pywin32/ (from http://pypi.python.org/simple/virtualenv/); not a file
    Skipping link http://docs.python.org/dev/whatsnew/2.6.html#pep-370-per-user-site-packages-directory (from http://pypi.python.org/simple/virtualenv/); unknown archive format: .html
    Skipping link https://bugs.launchpad.net/virtualenv/ (from http://pypi.python.org/simple/virtualenv/); not a file
    Skipping link http://www.doughellmann.com/articles/CompletelyDifferent-2008-02-ipython-and-virtualenv/index.html (from http://pypi.python.org/simple/virtualenv/); unknown archive format: .html
    Skipping link https://bugs.launchpad.net/virtualenv/+bug/340050 (from http://pypi.python.org/simple/virtualenv/); not a file
    Skipping link http://technet.microsoft.com/en-us/library/dd347641.aspx (from http://pypi.python.org/simple/virtualenv/); unknown archive format: .aspx
    Skipping link https://github.com/socialplanning/fassembler/blob/master/fassembler/create-venv-script.py (from http://pypi.python.org/simple/virtualenv/); unknown archive format: .py
    Skipping link https://github.com/thisismedium/virtualenv-commands (from http://pypi.python.org/simple/virtualenv/); not a file
    Skipping link http://www.doughellmann.com/articles/CompletelyDifferent-2008-05-virtualenvwrapper/index.html (from http://pypi.python.org/simple/virtualenv/); unknown archive format: .html
    Skipping link https://github.com/pypa/virtualenv/raw/master/LICENSE.txt (from http://pypi.python.org/simple/virtualenv/); unknown archive format: .txt
    Skipping link http://www.modpython.org/ (from http://pypi.python.org/simple/virtualenv/); not a file
    Skipping link https://raw.github.com/pypa/virtualenv/master/virtualenv.py (from http://pypi.python.org/simple/virtualenv/); unknown archive format: .py
    Skipping link http://groups.google.com/group/python-virtualenv/ (from http://pypi.python.org/simple/virtualenv/); not a file
    Skipping link https://bugs.launchpad.net/virtualenv/+bug/241581 (from http://pypi.python.org/simple/virtualenv/); not a file
    Skipping link http://code.google.com/p/modwsgi/wiki/VirtualEnvironments (from http://pypi.python.org/simple/virtualenv/); not a file
    Skipping link http://thisismedium.com/tech/extending-virtualenv/ (from http://pypi.python.org/simple/virtualenv/); not a file
    Skipping link https://bitbucket.org/ianb/virtualenv/issues/ (from http://pypi.python.org/simple/virtualenv/); not a file
    Skipping link http://pypy.python.org/pypi/pip (from http://pypi.python.org/simple/virtualenv/); not a file
    Skipping link http://peak.telecommunity.com/DevCenter/setuptools (from http://pypi.python.org/simple/virtualenv/); not a file
    Skipping link http://showmedo.com/videos/video?name=2910000&amp;amp;fromSeriesID=291 (from http://pypi.python.org/simple/virtualenv/); not a file
    Skipping link https://github.com/pypa/virtualenv/ (from http://pypi.python.org/simple/virtualenv/); not a file
    Skipping link http://peak.telecommunity.com/DevCenter/EasyInstall#creating-a-virtual-python (from http://pypi.python.org/simple/virtualenv/); not a file
    Skipping link http://svn.colorstudy.com/virtualenv/trunk/docs/license.txt (from http://pypi.python.org/simple/virtualenv/); unknown archive format: .txt
    Skipping link https://github.com/pypa/virtualenv/raw/master/AUTHORS.txt (from http://pypi.python.org/simple/virtualenv/); unknown archive format: .txt
    Skipping link http://pypi.python.org (from http://pypi.python.org/simple/virtualenv/); not a file
    Skipping link https://svn.openplans.org/svn/fassembler/trunk/fassembler/create-venv-script.py (from http://pypi.python.org/simple/virtualenv/); unknown archive format: .py
    Skipping link http://bitbucket.org/ianb/virtualenv (from http://pypi.python.org/simple/virtualenv/); not a file
    Skipping link http://pypy.org (from http://pypi.python.org/simple/virtualenv/); not a file
    Skipping link http://www.pip-installer.org/en/latest/how-to-contribute.html (from http://pypi.python.org/simple/virtualenv/); unknown archive format: .html
    Skipping link http://www.pip-installer.org/en/latest/contributing.html (from http://pypi.python.org/simple/virtualenv/); unknown archive format: .html
    Skipping link https://github.com/pypa/virtualenv/tarball/develop (from http://pypi.python.org/simple/virtualenv/); not a file
    Skipping link http://bitbucket.org/ianb/virtualenv/ (from http://pypi.python.org/simple/virtualenv/); not a file
    Skipping link http://topp.openplans.org (from http://pypi.python.org/simple/virtualenv/); not a file
    Skipping link http://blog.ianbicking.org/2007/10/10/workingenv-is-dead-long-live-virtualenv/ (from http://pypi.python.org/simple/virtualenv/); not a file
    Found link http://bitbucket.org/ianb/virtualenv/get/tip.gz#egg=virtualenv-tip (from http://pypi.python.org/simple/virtualenv/), version: tip
    Found link http://bitbucket.org/ianb/virtualenv/get/tip.gz#egg=virtualenv-hg (from http://pypi.python.org/simple/virtualenv/), version: hg
    Found link http://svn.colorstudy.com/virtualenv/trunk#egg=virtualenv-dev (from http://pypi.python.org/simple/virtualenv/), version: dev
    Found link https://github.com/pypa/virtualenv/tarball/develop#egg=virtualenv-dev (from http://pypi.python.org/simple/virtualenv/), version: dev
  Analyzing links from page http://www.virtualenv.org/en/latest/index.html
    Skipping link http://www.virtualenv.org/en/latest/_static/nature.css (from http://www.virtualenv.org/en/latest/index.html); unknown archive format: .css
    Skipping link http://www.virtualenv.org/en/latest/_static/pygments.css (from http://www.virtualenv.org/en/latest/index.html); unknown archive format: .css
    Skipping link http://www.virtualenv.org/en/latest/index.html (from http://www.virtualenv.org/en/latest/index.html); unknown archive format: .html
    Skipping link http://www.virtualenv.org/en/latest/news.html (from http://www.virtualenv.org/en/latest/index.html); unknown archive format: .html
    Skipping link http://www.virtualenv.org/en/latest/genindex.html (from http://www.virtualenv.org/en/latest/index.html); unknown archive format: .html
    Skipping link http://www.virtualenv.org/en/latest/index.html#id2 (from http://www.virtualenv.org/en/latest/index.html); unknown archive format: .html
    Skipping link http://www.virtualenv.org/en/latest/index.html#virtualenv (from http://www.virtualenv.org/en/latest/index.html); unknown archive format: .html
    Skipping link https://github.com/pypa/virtualenv/issues/ (from http://www.virtualenv.org/en/latest/index.html); not a file
    Skipping link http://www.virtualenv.org/en/latest/index.html#installation (from http://www.virtualenv.org/en/latest/index.html); unknown archive format: .html
    Skipping link http://www.virtualenv.org/en/latest/index.html#what-it-does (from http://www.virtualenv.org/en/latest/index.html); unknown archive format: .html
    Skipping link http://www.virtualenv.org/en/latest/index.html#usage (from http://www.virtualenv.org/en/latest/index.html); unknown archive format: .html
    Skipping link http://www.virtualenv.org/en/latest/index.html#activate-script (from http://www.virtualenv.org/en/latest/index.html); unknown archive format: .html
    Skipping link http://www.virtualenv.org/en/latest/index.html#the-system-site-packages-option (from http://www.virtualenv.org/en/latest/index.html); unknown archive format: .html
    Skipping link http://www.virtualenv.org/en/latest/index.html#environment-variables-and-configuration-files (from http://www.virtualenv.org/en/latest/index.html); unknown archive format: .html
    Skipping link http://www.virtualenv.org/en/latest/index.html#windows-notes (from http://www.virtualenv.org/en/latest/index.html); unknown archive format: .html
    Skipping link http://www.virtualenv.org/en/latest/index.html#pypy-support (from http://www.virtualenv.org/en/latest/index.html); unknown archive format: .html
    Skipping link http://www.virtualenv.org/en/latest/index.html#creating-your-own-bootstrap-scripts (from http://www.virtualenv.org/en/latest/index.html); unknown archive format: .html
    Skipping link http://www.virtualenv.org/en/latest/index.html#bootstrap-example (from http://www.virtualenv.org/en/latest/index.html); unknown archive format: .html
    Skipping link http://www.virtualenv.org/en/latest/index.html#using-virtualenv-without-bin-python (from http://www.virtualenv.org/en/latest/index.html); unknown archive format: .html
    Skipping link http://www.virtualenv.org/en/latest/index.html#making-environments-relocatable (from http://www.virtualenv.org/en/latest/index.html); unknown archive format: .html
    Skipping link http://www.virtualenv.org/en/latest/index.html#the-extra-search-dir-option (from http://www.virtualenv.org/en/latest/index.html); unknown archive format: .html
    Skipping link http://www.virtualenv.org/en/latest/index.html#compare-contrast-with-alternatives (from http://www.virtualenv.org/en/latest/index.html); unknown archive format: .html
    Skipping link http://www.virtualenv.org/en/latest/index.html#contributing (from http://www.virtualenv.org/en/latest/index.html); unknown archive format: .html
    Skipping link http://www.virtualenv.org/en/latest/index.html#running-the-tests (from http://www.virtualenv.org/en/latest/index.html); unknown archive format: .html
    Skipping link http://www.virtualenv.org/en/latest/index.html#other-documentation-and-links (from http://www.virtualenv.org/en/latest/index.html); unknown archive format: .html
    Skipping link http://www.virtualenv.org/en/latest/index.html#status-and-license (from http://www.virtualenv.org/en/latest/index.html); unknown archive format: .html
    Skipping link http://www.virtualenv.org/en/latest/index.html#id3 (from http://www.virtualenv.org/en/latest/index.html); unknown archive format: .html
    Skipping link http://www.virtualenv.org/en/latest/index.html#id4 (from http://www.virtualenv.org/en/latest/index.html); unknown archive format: .html
    Skipping link http://www.virtualenv.org/en/latest/index.html#id5 (from http://www.virtualenv.org/en/latest/index.html); unknown archive format: .html
    Skipping link http://pypi.python.org/pypi/distribute (from http://www.virtualenv.org/en/latest/index.html); not a file
    Skipping link http://pypi.python.org/pypi/pip (from http://www.virtualenv.org/en/latest/index.html); not a file
    Skipping link http://www.virtualenv.org/en/latest/index.html#id6 (from http://www.virtualenv.org/en/latest/index.html); unknown archive format: .html
    Skipping link http://www.virtualenv.org/en/latest/index.html#id7 (from http://www.virtualenv.org/en/latest/index.html); unknown archive format: .html
    Skipping link http://www.virtualenv.org/en/latest/index.html#id8 (from http://www.virtualenv.org/en/latest/index.html); unknown archive format: .html
    Skipping link http://www.virtualenv.org/en/latest/index.html#id9 (from http://www.virtualenv.org/en/latest/index.html); unknown archive format: .html
    Skipping link http://www.virtualenv.org/en/latest/index.html#id10 (from http://www.virtualenv.org/en/latest/index.html); unknown archive format: .html
    Skipping link http://www.virtualenv.org/en/latest/index.html#id11 (from http://www.virtualenv.org/en/latest/index.html); unknown archive format: .html
    Skipping link http://www.virtualenv.org/en/latest/index.html#id12 (from http://www.virtualenv.org/en/latest/index.html); unknown archive format: .html
    Skipping link http://www.virtualenv.org/en/latest/index.html#id13 (from http://www.virtualenv.org/en/latest/index.html); unknown archive format: .html
    Skipping link http://www.virtualenv.org/en/latest/index.html#id14 (from http://www.virtualenv.org/en/latest/index.html); unknown archive format: .html
    Skipping link http://www.virtualenv.org/en/latest/index.html#id15 (from http://www.virtualenv.org/en/latest/index.html); unknown archive format: .html
    Skipping link http://www.virtualenv.org/en/latest/index.html#id16 (from http://www.virtualenv.org/en/latest/index.html); unknown archive format: .html
    Skipping link http://pypi.python.org/pypi/zc.buildout (from http://www.virtualenv.org/en/latest/index.html); unknown archive format: .buildout
    Skipping link http://www.virtualenv.org/en/latest/index.html#id17 (from http://www.virtualenv.org/en/latest/index.html); unknown archive format: .html
    Skipping link http://www.virtualenv.org/en/latest/index.html#id18 (from http://www.virtualenv.org/en/latest/index.html); unknown archive format: .html
    Skipping link http://www.virtualenv.org/en/latest/index.html#id19 (from http://www.virtualenv.org/en/latest/index.html); unknown archive format: .html
    Skipping link http://showmedo.com/videos/video?name=2910000&amp;fromSeriesID=291 (from http://www.virtualenv.org/en/latest/index.html); not a file
    Skipping link http://www.virtualenv.org/en/latest/index.html#id20 (from http://www.virtualenv.org/en/latest/index.html); unknown archive format: .html
    Skipping link http://cheeseshop.python.org/pypi/workingenv.py (from http://www.virtualenv.org/en/latest/index.html); unknown archive format: .py
    Skipping link http://www.virtualenv.org/en/latest/_sources/index.txt (from http://www.virtualenv.org/en/latest/index.html); unknown archive format: .txt
    Skipping link http://sphinx.pocoo.org/ (from http://www.virtualenv.org/en/latest/index.html); not a file
    Skipping link http://readthedocs.org/projects/virtualenv/?fromdocs=virtualenv (from http://www.virtualenv.org/en/latest/index.html); not a file
    Skipping link http://readthedocs.org/docs/virtualenv/en/latest/ (from http://www.virtualenv.org/en/latest/index.html); not a file
    Skipping link http://readthedocs.org/docs/virtualenv/en/1.6.1/ (from http://www.virtualenv.org/en/latest/index.html); unknown archive format: .1
    Skipping link http://readthedocs.org/docs/virtualenv/en/1.5.2/ (from http://www.virtualenv.org/en/latest/index.html); unknown archive format: .2
    Skipping link http://readthedocs.org/docs/virtualenv/en/1.4.9/ (from http://www.virtualenv.org/en/latest/index.html); unknown archive format: .9
    Skipping link http://readthedocs.org/docs/virtualenv/en/1.3.4/ (from http://www.virtualenv.org/en/latest/index.html); unknown archive format: .4
    Skipping link http://readthedocs.org (from http://www.virtualenv.org/en/latest/index.html); not a file
  Analyzing links from page http://www.virtualenv.org/en/latest/
    Skipping link http://www.virtualenv.org/en/latest/ (from http://www.virtualenv.org/en/latest/); not a file
    Skipping link http://www.virtualenv.org/en/latest/#id2 (from http://www.virtualenv.org/en/latest/); not a file
    Skipping link http://www.virtualenv.org/en/latest/#virtualenv (from http://www.virtualenv.org/en/latest/); not a file
    Skipping link http://www.virtualenv.org/en/latest/#installation (from http://www.virtualenv.org/en/latest/); not a file
    Skipping link http://www.virtualenv.org/en/latest/#what-it-does (from http://www.virtualenv.org/en/latest/); not a file
    Skipping link http://www.virtualenv.org/en/latest/#usage (from http://www.virtualenv.org/en/latest/); not a file
    Skipping link http://www.virtualenv.org/en/latest/#activate-script (from http://www.virtualenv.org/en/latest/); not a file
    Skipping link http://www.virtualenv.org/en/latest/#the-system-site-packages-option (from http://www.virtualenv.org/en/latest/); not a file
    Skipping link http://www.virtualenv.org/en/latest/#environment-variables-and-configuration-files (from http://www.virtualenv.org/en/latest/); not a file
    Skipping link http://www.virtualenv.org/en/latest/#windows-notes (from http://www.virtualenv.org/en/latest/); not a file
    Skipping link http://www.virtualenv.org/en/latest/#pypy-support (from http://www.virtualenv.org/en/latest/); not a file
    Skipping link http://www.virtualenv.org/en/latest/#creating-your-own-bootstrap-scripts (from http://www.virtualenv.org/en/latest/); not a file
    Skipping link http://www.virtualenv.org/en/latest/#bootstrap-example (from http://www.virtualenv.org/en/latest/); not a file
    Skipping link http://www.virtualenv.org/en/latest/#using-virtualenv-without-bin-python (from http://www.virtualenv.org/en/latest/); not a file
    Skipping link http://www.virtualenv.org/en/latest/#making-environments-relocatable (from http://www.virtualenv.org/en/latest/); not a file
    Skipping link http://www.virtualenv.org/en/latest/#the-extra-search-dir-option (from http://www.virtualenv.org/en/latest/); not a file
    Skipping link http://www.virtualenv.org/en/latest/#compare-contrast-with-alternatives (from http://www.virtualenv.org/en/latest/); not a file
    Skipping link http://www.virtualenv.org/en/latest/#contributing (from http://www.virtualenv.org/en/latest/); not a file
    Skipping link http://www.virtualenv.org/en/latest/#running-the-tests (from http://www.virtualenv.org/en/latest/); not a file
    Skipping link http://www.virtualenv.org/en/latest/#other-documentation-and-links (from http://www.virtualenv.org/en/latest/); not a file
    Skipping link http://www.virtualenv.org/en/latest/#status-and-license (from http://www.virtualenv.org/en/latest/); not a file
    Skipping link http://www.virtualenv.org/en/latest/#id3 (from http://www.virtualenv.org/en/latest/); not a file
    Skipping link http://www.virtualenv.org/en/latest/#id4 (from http://www.virtualenv.org/en/latest/); not a file
    Skipping link http://www.virtualenv.org/en/latest/#id5 (from http://www.virtualenv.org/en/latest/); not a file
    Skipping link http://www.virtualenv.org/en/latest/#id6 (from http://www.virtualenv.org/en/latest/); not a file
    Skipping link http://www.virtualenv.org/en/latest/#id7 (from http://www.virtualenv.org/en/latest/); not a file
    Skipping link http://www.virtualenv.org/en/latest/#id8 (from http://www.virtualenv.org/en/latest/); not a file
    Skipping link http://www.virtualenv.org/en/latest/#id9 (from http://www.virtualenv.org/en/latest/); not a file
    Skipping link http://www.virtualenv.org/en/latest/#id10 (from http://www.virtualenv.org/en/latest/); not a file
    Skipping link http://www.virtualenv.org/en/latest/#id11 (from http://www.virtualenv.org/en/latest/); not a file
    Skipping link http://www.virtualenv.org/en/latest/#id12 (from http://www.virtualenv.org/en/latest/); not a file
    Skipping link http://www.virtualenv.org/en/latest/#id13 (from http://www.virtualenv.org/en/latest/); not a file
    Skipping link http://www.virtualenv.org/en/latest/#id14 (from http://www.virtualenv.org/en/latest/); not a file
    Skipping link http://www.virtualenv.org/en/latest/#id15 (from http://www.virtualenv.org/en/latest/); not a file
    Skipping link http://www.virtualenv.org/en/latest/#id16 (from http://www.virtualenv.org/en/latest/); not a file
    Skipping link http://www.virtualenv.org/en/latest/#id17 (from http://www.virtualenv.org/en/latest/); not a file
    Skipping link http://www.virtualenv.org/en/latest/#id18 (from http://www.virtualenv.org/en/latest/); not a file
    Skipping link http://www.virtualenv.org/en/latest/#id19 (from http://www.virtualenv.org/en/latest/); not a file
    Skipping link http://www.virtualenv.org/en/latest/#id20 (from http://www.virtualenv.org/en/latest/); not a file
  Using version 1.7.2 (newest of versions: 1.7.2, 1.7.1.2, 1.7.1.1, 1.7.1, 1.7, 1.6.4, 1.6.3, 1.6.2, 1.6.1, 1.6, 1.5.2, 1.5.1, 1.5, 1.4.9, 1.4.8, 1.4.7, 1.4.6, 1.4.5, 1.4.4, 1.4.3, 1.4.2, 1.4.1, 1.4, 1.4rc1, 1.3.4, 1.3.3, 1.3.2, 1.3.1, 1.3, 1.2, 1.1, 1.0, 0.9.2, 0.9.1, 0.9, 0.8.4, 0.8.3, 0.8.2, 0.8.1, 0.8, tip, hg, dev, dev)
  Downloading from URL http://pypi.python.org/packages/source/v/virtualenv/virtualenv-1.7.2.tar.gz#md5=b5d63b05373a4344ae099a68875aae78 (from http://pypi.python.org/simple/virtualenv/)
  Running setup.py egg_info for package virtualenv

    running egg_info
    creating pip-egg-info/virtualenv.egg-info
    writing pip-egg-info/virtualenv.egg-info/PKG-INFO
    writing top-level names to pip-egg-info/virtualenv.egg-info/top_level.txt
    writing dependency_links to pip-egg-info/virtualenv.egg-info/dependency_links.txt
    writing entry points to pip-egg-info/virtualenv.egg-info/entry_points.txt
    writing manifest file 'pip-egg-info/virtualenv.egg-info/SOURCES.txt'
    warning: manifest_maker: standard file '-c' not found
    

    reading manifest file 'pip-egg-info/virtualenv.egg-info/SOURCES.txt'
    reading manifest template 'MANIFEST.in'
    warning: no previously-included files matching '*' found under directory 'docs/_templates'

    warning: no previously-included files matching '*' found under directory 'docs/_build'

    writing manifest file 'pip-egg-info/virtualenv.egg-info/SOURCES.txt'
Installing collected packages: virtualenv

  Running setup.py install for virtualenv

    Running command /usr/bin/python -c "import setuptools;__file__='/home/ubuntu/viclo/build/virtualenv/setup.py';exec(compile(open(__file__).read().replace('\r\n', '\n'), __file__, 'exec'))" install --single-version-externally-managed --record /tmp/pip-qzusC0-record/install-record.txt
    running install
    running build
    running build_py
    creating build
    creating build/lib.linux-x86_64-2.7
    copying virtualenv.py -> build/lib.linux-x86_64-2.7
    creating build/lib.linux-x86_64-2.7/virtualenv_support
    copying virtualenv_support/__init__.py -> build/lib.linux-x86_64-2.7/virtualenv_support
    copying virtualenv_support/setuptools-0.6c11-py2.7.egg -> build/lib.linux-x86_64-2.7/virtualenv_support
    copying virtualenv_support/pip-1.1.tar.gz -> build/lib.linux-x86_64-2.7/virtualenv_support
    copying virtualenv_support/distribute-0.6.27.tar.gz -> build/lib.linux-x86_64-2.7/virtualenv_support
    running install_lib
    creating /usr/local/lib/python2.7/dist-packages/virtualenv_support
    error: could not create '/usr/local/lib/python2.7/dist-packages/virtualenv_support': Permission denied

    Complete output from command /usr/bin/python -c "import setuptools;__file__='/home/ubuntu/viclo/build/virtualenv/setup.py';exec(compile(open(__file__).read().replace('\r\n', '\n'), __file__, 'exec'))" install --single-version-externally-managed --record /tmp/pip-qzusC0-record/install-record.txt:

    running install

running build

running build_py

creating build

creating build/lib.linux-x86_64-2.7

copying virtualenv.py -> build/lib.linux-x86_64-2.7

creating build/lib.linux-x86_64-2.7/virtualenv_support

copying virtualenv_support/__init__.py -> build/lib.linux-x86_64-2.7/virtualenv_support

copying virtualenv_support/setuptools-0.6c11-py2.7.egg -> build/lib.linux-x86_64-2.7/virtualenv_support

copying virtualenv_support/pip-1.1.tar.gz -> build/lib.linux-x86_64-2.7/virtualenv_support

copying virtualenv_support/distribute-0.6.27.tar.gz -> build/lib.linux-x86_64-2.7/virtualenv_support

running install_lib

creating /usr/local/lib/python2.7/dist-packages/virtualenv_support

error: could not create '/usr/local/lib/python2.7/dist-packages/virtualenv_support': Permission denied

----------------------------------------

Command /usr/bin/python -c "import setuptools;__file__='/home/ubuntu/viclo/build/virtualenv/setup.py';exec(compile(open(__file__).read().replace('\r\n', '\n'), __file__, 'exec'))" install --single-version-externally-managed --record /tmp/pip-qzusC0-record/install-record.txt failed with error code 1 in /home/ubuntu/viclo/build/virtualenv

Exception information:
Traceback (most recent call last):
  File "/usr/local/lib/python2.7/dist-packages/pip/basecommand.py", line 104, in main
    status = self.run(options, args)
  File "/usr/local/lib/python2.7/dist-packages/pip/commands/install.py", line 250, in run
    requirement_set.install(install_options, global_options)
  File "/usr/local/lib/python2.7/dist-packages/pip/req.py", line 1133, in install
    requirement.install(install_options, global_options)
  File "/usr/local/lib/python2.7/dist-packages/pip/req.py", line 577, in install
    cwd=self.source_dir, filter_stdout=self._filter_install, show_stdout=False)
  File "/usr/local/lib/python2.7/dist-packages/pip/__init__.py", line 256, in call_subprocess
    % (command_desc, proc.returncode, cwd))
InstallationError: Command /usr/bin/python -c "import setuptools;__file__='/home/ubuntu/viclo/build/virtualenv/setup.py';exec(compile(open(__file__).read().replace('\r\n', '\n'), __file__, 'exec'))" install --single-version-externally-managed --record /tmp/pip-qzusC0-record/install-record.txt failed with error code 1 in /home/ubuntu/viclo/build/virtualenv
