2012-07-22 23:14:27,090 DEBUG virtualenvwrapper.user_scripts running ['/home/ubuntu/.virtualenvs/preactivate', 'viclo_env']
2012-07-22 23:14:27,097 DEBUG virtualenvwrapper.user_scripts running ['/home/ubuntu/.virtualenvs/viclo_env/bin/preactivate', 'viclo_env']
2012-07-22 23:14:27,108 DEBUG virtualenvwrapper.hook_loader Saving sourcable pre_activate hooks to /tmp/virtualenvwrapper-pre_activate-hook-RZrwaf3vhM
2012-07-22 23:14:27,247 DEBUG virtualenvwrapper.hook_loader Running post_activate hooks
2012-07-22 23:14:27,251 DEBUG virtualenvwrapper.hook_loader Saving sourcable post_activate hooks to /tmp/virtualenvwrapper-post_activate-hook-BPZkv1AJta
2012-07-22 23:14:27,254 DEBUG virtualenvwrapper.user_scripts post_activate
2012-07-22 23:46:44,486 DEBUG virtualenvwrapper.hook_loader Running initialize hooks
2012-07-22 23:46:44,495 DEBUG virtualenvwrapper.hook_loader Saving sourcable initialize hooks to /tmp/virtualenvwrapper-initialize-hook-quBUpLnVLm
2012-07-22 23:46:45,634 DEBUG virtualenvwrapper.hook_loader Running initialize hooks
2012-07-22 23:46:45,643 DEBUG virtualenvwrapper.hook_loader Saving sourcable initialize hooks to /tmp/virtualenvwrapper-initialize-hook-K8oC2r7Se2
2012-07-22 23:46:47,817 DEBUG virtualenvwrapper.hook_loader Running initialize hooks
2012-07-22 23:46:47,825 DEBUG virtualenvwrapper.hook_loader Saving sourcable initialize hooks to /tmp/virtualenvwrapper-initialize-hook-t2CYlUhKcK
2012-07-22 23:46:50,964 DEBUG virtualenvwrapper.hook_loader Running initialize hooks
2012-07-22 23:46:50,973 DEBUG virtualenvwrapper.hook_loader Saving sourcable initialize hooks to /tmp/virtualenvwrapper-initialize-hook-lx1FtlH1zB
2012-07-23 00:12:15,154 DEBUG virtualenvwrapper.hook_loader Running initialize hooks
2012-07-23 00:12:15,161 DEBUG virtualenvwrapper.hook_loader Saving sourcable initialize hooks to /tmp/virtualenvwrapper-initialize-hook-hHF7UC2hay
2012-07-23 00:12:16,295 DEBUG virtualenvwrapper.hook_loader Running initialize hooks
2012-07-23 00:12:16,303 DEBUG virtualenvwrapper.hook_loader Saving sourcable initialize hooks to /tmp/virtualenvwrapper-initialize-hook-F0BFwoeVXN
2012-07-23 00:12:18,445 DEBUG virtualenvwrapper.hook_loader Running initialize hooks
2012-07-23 00:12:18,453 DEBUG virtualenvwrapper.hook_loader Saving sourcable initialize hooks to /tmp/virtualenvwrapper-initialize-hook-LB6JQ7mdp9
2012-07-23 00:12:21,591 DEBUG virtualenvwrapper.hook_loader Running initialize hooks
2012-07-23 00:12:21,599 DEBUG virtualenvwrapper.hook_loader Saving sourcable initialize hooks to /tmp/virtualenvwrapper-initialize-hook-CmqJVHxSoW
2012-07-23 17:21:24,537 DEBUG virtualenvwrapper.hook_loader Running initialize hooks
2012-07-23 17:21:24,545 DEBUG virtualenvwrapper.hook_loader Saving sourcable initialize hooks to /tmp/virtualenvwrapper-initialize-hook-Qoj5OHzn5h
